<?xml version="1.0" encoding="utf-8"?><testsuites name="pytest tests"><testsuite name="pytest" errors="0" failures="12" skipped="0" tests="30" time="17.140" timestamp="2026-08-05T11:14:28.109504+00:00" hostname="agent-env-cbf0fa0d-df39-49e5-8f5f-13f6e548b14f"><testcase classname="tests.backend_test.TestAuthenticationAndSecurity" name="test_health_endpoint" time="0.231" /><testcase classname="tests.backend_test.TestAuthenticationAndSecurity" name="test_owner_login_returns_jwt_and_owner_user" time="0.329" /><testcase classname="tests.backend_test.TestAuthenticationAndSecurity" name="test_auth_me_with_bearer" time="0.429" /><testcase classname="tests.backend_test.TestAuthenticationAndSecurity" name="test_login_sets_httponly_cookie" time="0.332"><failure message="AssertionError: Login must set an access_token cookie&#10;assert None">backend/tests/backend_test.py:181: in test_login_sets_httponly_cookie
    assert cookie, "Login must set an access_token cookie"
E   AssertionError: Login must set an access_token cookie
E   assert None</failure></testcase><testcase classname="tests.backend_test.TestAuthenticationAndSecurity" name="test_cors_uses_explicit_origin_and_credentials" time="0.064"><failure message="AssertionError: assert '*' == 'https://qa-client.example'&#10;  &#10;  - https://qa-client.example&#10;  + *">backend/tests/backend_test.py:198: in test_cors_uses_explicit_origin_and_credentials
    assert response.headers.get("access-control-allow-origin") == origin
E   AssertionError: assert '*' == 'https://qa-client.example'
E     
E     - https://qa-client.example
E     + *</failure></testcase><testcase classname="tests.backend_test.TestAuthenticationAndSecurity" name="test_owner_created_password_hash_is_bcrypt_2b" time="0.323" /><testcase classname="tests.backend_test.TestAuthenticationAndSecurity" name="test_bruteforce_lockout_after_five_failures" time="2.256"><failure message="AssertionError: Account/IP should be locked after five failed login attempts; received 200&#10;assert 200 in (423, 429)&#10; +  where 200 = &lt;Response [200]&gt;.status_code">backend/tests/backend_test.py:215: in test_bruteforce_lockout_after_five_failures
    assert blocked.status_code in (423, 429), (
E   AssertionError: Account/IP should be locked after five failed login attempts; received 200
E   assert 200 in (423, 429)
E    +  where 200 = &lt;Response [200]&gt;.status_code</failure></testcase><testcase classname="tests.backend_test.TestUsersAndRoleAccess" name="test_owner_creates_each_role[owner]" time="0.633" /><testcase classname="tests.backend_test.TestUsersAndRoleAccess" name="test_owner_creates_each_role[penagihan]" time="0.654" /><testcase classname="tests.backend_test.TestUsersAndRoleAccess" name="test_owner_creates_each_role[bendahara]" time="0.934" /><testcase classname="tests.backend_test.TestUsersAndRoleAccess" name="test_owner_creates_each_role[tim]" time="0.634" /><testcase classname="tests.backend_test.TestUsersAndRoleAccess" name="test_duplicate_username_rejected" time="0.096" /><testcase classname="tests.backend_test.TestUsersAndRoleAccess" name="test_non_owner_cannot_create_user" time="0.092" /><testcase classname="tests.backend_test.TestUsersAndRoleAccess" name="test_owner_updates_password_and_active_state" time="1.970" /><testcase classname="tests.backend_test.TestUsersAndRoleAccess" name="test_owner_cannot_delete_self_and_can_delete_other_user" time="0.613" /><testcase classname="tests.backend_test.TestUsersAndRoleAccess" name="test_user_mutations_return_404_for_unknown_id" time="0.219"><failure message="assert 200 == 404&#10; +  where 200 = &lt;Response [200]&gt;.status_code">backend/tests/backend_test.py:338: in test_user_mutations_return_404_for_unknown_id
    assert delete.status_code == 404
E   assert 200 == 404
E    +  where 200 = &lt;Response [200]&gt;.status_code</failure></testcase><testcase classname="tests.backend_test.TestProjectsLocationsAndAssignments" name="test_project_crud_role_matrix" time="0.722" /><testcase classname="tests.backend_test.TestProjectsLocationsAndAssignments" name="test_location_crud_pic_and_role_matrix" time="0.700" /><testcase classname="tests.backend_test.TestProjectsLocationsAndAssignments" name="test_assignment_rules_duplicate_and_tim_scope" time="1.801"><failure message="AssertionError: Assignments must target a tim user&#10;assert 200 == 400&#10; +  where 200 = &lt;Response [200]&gt;.status_code">backend/tests/backend_test.py:531: in test_assignment_rules_duplicate_and_tim_scope
    assert non_tim_target.status_code == 400, "Assignments must target a tim user"
E   AssertionError: Assignments must target a tim user
E   assert 200 == 400
E    +  where 200 = &lt;Response [200]&gt;.status_code</failure></testcase><testcase classname="tests.backend_test.TestProjectsLocationsAndAssignments" name="test_tim_assignment_and_location_listing_cannot_leak_other_location" time="0.304"><failure message="AssertionError: assert (200 == 403 or [{'id': '8f80...40000.0, ...}] == []&#10; +  where 200 = &lt;Response [200]&gt;.status_code&#10;  &#10;  Left contains one more item: {'id': '8f80d94d-05e9-428e-a588-80eae24de283', 'location_id': '9fc63e0b-2afe-4833-bf3c-5f41de903b7a', 'user_id': '8bfbf273-29c6-4433-bf57-b43e1a8b3cf2', 'daily_rate': 140000.0, ...}&#10;  &#10;  Full diff:&#10;  - []&#10;  + [&#10;  +     {...&#10;  &#10;  ...Full output truncated (8 lines hidden), use '-vv' to show)">backend/tests/backend_test.py:558: in test_tim_assignment_and_location_listing_cannot_leak_other_location
    assert assignments.status_code == 403 or assignments.json() == []
E   AssertionError: assert (200 == 403 or [{'id': '8f80...40000.0, ...}] == []
E    +  where 200 = &lt;Response [200]&gt;.status_code
E     
E     Left contains one more item: {'id': '8f80d94d-05e9-428e-a588-80eae24de283', 'location_id': '9fc63e0b-2afe-4833-bf3c-5f41de903b7a', 'user_id': '8bfbf273-29c6-4433-bf57-b43e1a8b3cf2', 'daily_rate': 140000.0, ...}
E     
E     Full diff:
E     - []
E     + [
E     +     {...
E     
E     ...Full output truncated (8 lines hidden), use '-vv' to show)</failure></testcase><testcase classname="tests.backend_test.TestProjectsLocationsAndAssignments" name="test_project_and_location_missing_ids_return_404" time="0.112"><failure message="assert 200 == 404&#10; +  where 200 = &lt;Response [200]&gt;.status_code">backend/tests/backend_test.py:568: in test_project_and_location_missing_ids_return_404
    assert project_patch.status_code == 404
E   assert 200 == 404
E    +  where 200 = &lt;Response [200]&gt;.status_code</failure></testcase><testcase classname="tests.backend_test.TestProjectsLocationsAndAssignments" name="test_missing_location_update_returns_404" time="0.105"><failure message="assert 200 == 404&#10; +  where 200 = &lt;Response [200]&gt;.status_code">backend/tests/backend_test.py:578: in test_missing_location_update_returns_404
    assert location_patch.status_code == 404
E   assert 200 == 404
E    +  where 200 = &lt;Response [200]&gt;.status_code</failure></testcase><testcase classname="tests.backend_test.TestFinancialFlowsIsolationAndDashboard" name="test_cashbook_receipt_role_access_and_project_autofill" time="0.409" /><testcase classname="tests.backend_test.TestFinancialFlowsIsolationAndDashboard" name="test_tim_cashbook_location_isolation" time="0.191" /><testcase classname="tests.backend_test.TestFinancialFlowsIsolationAndDashboard" name="test_cashbook_rejects_malformed_receipt_base64" time="0.099"><failure message="AssertionError: receipt_base64 must contain valid base64 image data&#10;assert 200 == 400&#10; +  where 200 = &lt;Response [200]&gt;.status_code">backend/tests/backend_test.py:658: in test_cashbook_rejects_malformed_receipt_base64
    assert malformed.status_code == 400, "receipt_base64 must contain valid base64 image data"
E   AssertionError: receipt_base64 must contain valid base64 image data
E   assert 200 == 400
E    +  where 200 = &lt;Response [200]&gt;.status_code</failure></testcase><testcase classname="tests.backend_test.TestFinancialFlowsIsolationAndDashboard" name="test_kasbon_create_get_status_and_location_isolation" time="0.679"><failure message="assert 200 == 403&#10; +  where 200 = &lt;Response [200]&gt;.status_code">backend/tests/backend_test.py:712: in test_kasbon_create_get_status_and_location_isolation
    assert inaccessible.status_code == 403
E   assert 200 == 403
E    +  where 200 = &lt;Response [200]&gt;.status_code</failure></testcase><testcase classname="tests.backend_test.TestFinancialFlowsIsolationAndDashboard" name="test_tagihan_crud_overdue_and_paid_status" time="0.709" /><testcase classname="tests.backend_test.TestFinancialFlowsIsolationAndDashboard" name="test_team_payment_computation_roles_and_paid_update" time="0.290" /><testcase classname="tests.backend_test.TestFinancialFlowsIsolationAndDashboard" name="test_activities_owner_only_and_all_mutations_logged" time="0.389"><failure message="assert False&#10; +  where False = any(&lt;generator object TestFinancialFlowsIsolationAndDashboard.test_activities_owner_only_and_all_mutations_logged.&lt;locals&gt;.&lt;genexpr&gt; at 0xf9e3de2a1000&gt;)">backend/tests/backend_test.py:868: in test_activities_owner_only_and_all_mutations_logged
    assert any(a["entity_type"] == "team_payment" and a["action"] == "delete" and a["entity_id"] == payment_id for a in activities)
E   assert False
E    +  where False = any(&lt;generator object TestFinancialFlowsIsolationAndDashboard.test_activities_owner_only_and_all_mutations_logged.&lt;locals&gt;.&lt;genexpr&gt; at 0xf9e3de2a1000&gt;)</failure></testcase><testcase classname="tests.backend_test.TestFinancialFlowsIsolationAndDashboard" name="test_dashboard_stats_are_role_appropriate_and_tim_isolated" time="0.428"><failure message="AssertionError: assert 2 == 1&#10; +  where 1 = len([{'id': '54bb4d71-e264-4d5a-9633-4b16a2d04999', 'name': 'TEST Proyek Updated 520dd9607e', 'client_name': 'TEST Client Updated', 'description': 'Updated by owner', ...}])&#10; +    where [{'id': '54bb4d71-e264-4d5a-9633-4b16a2d04999', 'name': 'TEST Proyek Updated 520dd9607e', 'client_name': 'TEST Client Updated', 'description': 'Updated by owner', ...}] = json()&#10; +      where json = &lt;Response [200]&gt;.json">backend/tests/backend_test.py:905: in test_dashboard_stats_are_role_appropriate_and_tim_isolated
    assert tim_stats["jumlah_proyek"] == len(tim_projects.json())
E   AssertionError: assert 2 == 1
E    +  where 1 = len([{'id': '54bb4d71-e264-4d5a-9633-4b16a2d04999', 'name': 'TEST Proyek Updated 520dd9607e', 'client_name': 'TEST Client Updated', 'description': 'Updated by owner', ...}])
E    +    where [{'id': '54bb4d71-e264-4d5a-9633-4b16a2d04999', 'name': 'TEST Proyek Updated 520dd9607e', 'client_name': 'TEST Client Updated', 'description': 'Updated by owner', ...}] = json()
E    +      where json = &lt;Response [200]&gt;.json</failure></testcase></testsuite></testsuites>